fatal: bad source, source=sub-91717/ses-1/perf/sub-91717_ses-1_m0scan.nii.gz, destination=sub-91717/ses-1/perf/sub-91717_ses-1_acq-VARIANTRepetitionTimeC3_m0scan.nii.gz
fatal: bad source, source=sub-91717/ses-1/perf/sub-91717_ses-1_m0scan.json, destination=sub-91717/ses-1/perf/sub-91717_ses-1_acq-VARIANTRepetitionTimeC3_m0scan.json
fatal: bad source, source=sub-91717/ses-1/perf/sub-91717_ses-1_aslcontext.tsv, destination=sub-91717/ses-1/perf/sub-91717_ses-1_acq-VARIANTRepetitionTimeC3_aslcontext.tsv
fatal: bad source, source=sub-91717/ses-1/perf/sub-91717_ses-1_m0scan.nii.gz, destination=sub-91717/ses-1/perf/sub-91717_ses-1_acq-VARIANTRepetitionTimeC3_m0scan.nii.gz
fatal: bad source, source=sub-91717/ses-1/perf/sub-91717_ses-1_m0scan.json, destination=sub-91717/ses-1/perf/sub-91717_ses-1_acq-VARIANTRepetitionTimeC3_m0scan.json
fatal: bad source, source=sub-107055/ses-1/perf/sub-107055_ses-1_m0scan.nii.gz, destination=sub-107055/ses-1/perf/sub-107055_ses-1_acq-VARIANTRepetitionTimeC1_m0scan.nii.gz
fatal: bad source, source=sub-107055/ses-1/perf/sub-107055_ses-1_m0scan.json, destination=sub-107055/ses-1/perf/sub-107055_ses-1_acq-VARIANTRepetitionTimeC1_m0scan.json
fatal: bad source, source=sub-107055/ses-1/perf/sub-107055_ses-1_aslcontext.tsv, destination=sub-107055/ses-1/perf/sub-107055_ses-1_acq-VARIANTRepetitionTimeC1_aslcontext.tsv
fatal: bad source, source=sub-107055/ses-1/perf/sub-107055_ses-1_m0scan.nii.gz, destination=sub-107055/ses-1/perf/sub-107055_ses-1_acq-VARIANTRepetitionTimeC1_m0scan.nii.gz
fatal: bad source, source=sub-107055/ses-1/perf/sub-107055_ses-1_m0scan.json, destination=sub-107055/ses-1/perf/sub-107055_ses-1_acq-VARIANTRepetitionTimeC1_m0scan.json
fatal: bad source, source=sub-130121/ses-1/perf/sub-130121_ses-1_m0scan.nii.gz, destination=sub-130121/ses-1/perf/sub-130121_ses-1_acq-VARIANTRepetitionTimeC2_m0scan.nii.gz
fatal: bad source, source=sub-130121/ses-1/perf/sub-130121_ses-1_m0scan.json, destination=sub-130121/ses-1/perf/sub-130121_ses-1_acq-VARIANTRepetitionTimeC2_m0scan.json
fatal: bad source, source=sub-130121/ses-1/perf/sub-130121_ses-1_aslcontext.tsv, destination=sub-130121/ses-1/perf/sub-130121_ses-1_acq-VARIANTRepetitionTimeC2_aslcontext.tsv
fatal: bad source, source=sub-130121/ses-1/perf/sub-130121_ses-1_m0scan.nii.gz, destination=sub-130121/ses-1/perf/sub-130121_ses-1_acq-VARIANTRepetitionTimeC2_m0scan.nii.gz
fatal: bad source, source=sub-130121/ses-1/perf/sub-130121_ses-1_m0scan.json, destination=sub-130121/ses-1/perf/sub-130121_ses-1_acq-VARIANTRepetitionTimeC2_m0scan.json
Traceback (most recent call last):
  File "/gpfs/fs001/cbica/projects/grmpy/micromamba/envs/cubids/bin/cubids", line 8, in <module>
    sys.exit(_main())
             ^^^^^^^
  File "/gpfs/fs001/cbica/projects/grmpy/vendored_packages/CuBIDS/cubids/cli.py", line 1076, in _main
    options.func(**args)
  File "/gpfs/fs001/cbica/projects/grmpy/vendored_packages/CuBIDS/cubids/workflows.py", line 346, in apply
    bod.apply_tsv_changes(
  File "/gpfs/fs001/cbica/projects/grmpy/vendored_packages/CuBIDS/cubids/cubids.py", line 570, in apply_tsv_changes
    self.datalad_handle.run(cmd=["bash", renames], message=rename_commit)
  File "/gpfs/fs001/cbica/projects/grmpy/micromamba/envs/cubids/lib/python3.11/site-packages/datalad/distribution/dataset.py", line 502, in apply_func
    return f(*args, **kwargs)
           ^^^^^^^^^^^^^^^^^^
  File "/gpfs/fs001/cbica/projects/grmpy/micromamba/envs/cubids/lib/python3.11/site-packages/datalad/interface/base.py", line 772, in eval_func
    return return_func(*args, **kwargs)
           ^^^^^^^^^^^^^^^^^^^^^^^^^^^^
  File "/gpfs/fs001/cbica/projects/grmpy/micromamba/envs/cubids/lib/python3.11/site-packages/datalad/interface/base.py", line 762, in return_func
    results = list(results)
              ^^^^^^^^^^^^^
  File "/gpfs/fs001/cbica/projects/grmpy/micromamba/envs/cubids/lib/python3.11/site-packages/datalad/interface/base.py", line 939, in _execute_command_
    raise IncompleteResultsError(
datalad.support.exceptions.IncompleteResultsError: Command did not complete successfully. 1 failed:
[{'action': 'run',
  'exception': CommandError(''),
  'exception_traceback': '[run.py:_execute_command:707,runner.py:run:243]',
  'exit_code': 128,
  'message': 'bash /cbica/projects/grmpy/code/curation...',
  'msg_path': '/cbica/projects/grmpy/data/bids_datalad/.git/COMMIT_EDITMSG',
  'path': '/cbica/projects/grmpy/data/bids_datalad',
  'run_info': {'chain': [],
               'cmd': 'bash '
                      '/cbica/projects/grmpy/code/curation/04_cubids_curation/v3/v3_full_cmd.sh',
               'dsid': 'c3d4c088-6d55-4f47-8267-1d0156490c23',
               'exit': 128,
               'extra_inputs': [],
               'inputs': [],
               'outputs': [],
               'pwd': '.'},
  'status': 'error',
  'type': 'dataset'}]
