Loading BIDS schema version: 0.11.3. BIDS version: 1.10.0
nothing to save, working tree clean
 modified: sub-117226/ses-1/fmap/sub-117226_ses-1_magnitude1.json (file)
 modified: sub-117226/ses-1/fmap/sub-117226_ses-1_magnitude2.json (file)
 modified: sub-117226/ses-1/fmap/sub-117226_ses-1_phasediff.json (file)
 modified: sub-121407/ses-1/fmap/sub-121407_ses-1_magnitude1.json (file)
 modified: sub-121407/ses-1/fmap/sub-121407_ses-1_magnitude2.json (file)
 modified: sub-121407/ses-1/fmap/sub-121407_ses-1_phasediff.json (file)
 modified: sub-130121/ses-1/fmap/sub-130121_ses-1_magnitude1.json (file)
 modified: sub-130121/ses-1/fmap/sub-130121_ses-1_magnitude2.json (file)
 modified: sub-130121/ses-1/fmap/sub-130121_ses-1_phasediff.json (file)
 modified: sub-130896/ses-1/fmap/sub-130896_ses-1_magnitude1.json (file)
 modified: sub-130896/ses-1/fmap/sub-130896_ses-1_magnitude2.json (file)
 modified: sub-130896/ses-1/fmap/sub-130896_ses-1_phasediff.json (file)
 modified: sub-85083/ses-1/fmap/sub-85083_ses-1_magnitude1.json (file)
 modified: sub-85083/ses-1/fmap/sub-85083_ses-1_magnitude2.json (file)
 modified: sub-85083/ses-1/fmap/sub-85083_ses-1_phasediff.json (file)
 modified: sub-86350/ses-1/fmap/sub-86350_ses-1_magnitude1.json (file)
 modified: sub-86350/ses-1/fmap/sub-86350_ses-1_magnitude2.json (file)
 modified: sub-86350/ses-1/fmap/sub-86350_ses-1_phasediff.json (file)
 modified: sub-86924/ses-1/fmap/sub-86924_ses-1_magnitude1.json (file)
 modified: sub-86924/ses-1/fmap/sub-86924_ses-1_magnitude2.json (file)
 modified: sub-86924/ses-1/fmap/sub-86924_ses-1_phasediff.json (file)
 modified: sub-90077/ses-1/fmap/sub-90077_ses-1_magnitude1.json (file)
 modified: sub-90077/ses-1/fmap/sub-90077_ses-1_magnitude2.json (file)
 modified: sub-90077/ses-1/fmap/sub-90077_ses-1_phasediff.json (file)
add(ok): sub-117226/ses-1/fmap/sub-117226_ses-1_magnitude1.json (file)
add(ok): sub-117226/ses-1/fmap/sub-117226_ses-1_magnitude2.json (file)
add(ok): sub-117226/ses-1/fmap/sub-117226_ses-1_phasediff.json (file)
add(ok): sub-121407/ses-1/fmap/sub-121407_ses-1_magnitude1.json (file)
add(ok): sub-121407/ses-1/fmap/sub-121407_ses-1_magnitude2.json (file)
add(ok): sub-121407/ses-1/fmap/sub-121407_ses-1_phasediff.json (file)
add(ok): sub-130121/ses-1/fmap/sub-130121_ses-1_magnitude1.json (file)
add(ok): sub-130121/ses-1/fmap/sub-130121_ses-1_magnitude2.json (file)
add(ok): sub-130121/ses-1/fmap/sub-130121_ses-1_phasediff.json (file)
add(ok): sub-130896/ses-1/fmap/sub-130896_ses-1_magnitude1.json (file)
add(ok): sub-130896/ses-1/fmap/sub-130896_ses-1_magnitude2.json (file)
add(ok): sub-130896/ses-1/fmap/sub-130896_ses-1_phasediff.json (file)
add(ok): sub-85083/ses-1/fmap/sub-85083_ses-1_magnitude1.json (file)
add(ok): sub-85083/ses-1/fmap/sub-85083_ses-1_magnitude2.json (file)
add(ok): sub-85083/ses-1/fmap/sub-85083_ses-1_phasediff.json (file)
add(ok): sub-86350/ses-1/fmap/sub-86350_ses-1_magnitude1.json (file)
add(ok): sub-86350/ses-1/fmap/sub-86350_ses-1_magnitude2.json (file)
add(ok): sub-86350/ses-1/fmap/sub-86350_ses-1_phasediff.json (file)
add(ok): sub-86924/ses-1/fmap/sub-86924_ses-1_magnitude1.json (file)
add(ok): sub-86924/ses-1/fmap/sub-86924_ses-1_magnitude2.json (file)
add(ok): sub-86924/ses-1/fmap/sub-86924_ses-1_phasediff.json (file)
add(ok): sub-90077/ses-1/fmap/sub-90077_ses-1_magnitude1.json (file)
add(ok): sub-90077/ses-1/fmap/sub-90077_ses-1_magnitude2.json (file)
add(ok): sub-90077/ses-1/fmap/sub-90077_ses-1_phasediff.json (file)
save(ok): . (dataset)
action summary:
  add (ok: 24)
  save (ok: 1)
Not running any association removals
nothing to save, working tree clean
run(ok): /cbica/projects/grmpy/data/bids_datalad (dataset) [bash /cbica/projects/grmpy/code/curation...]
delete(ok): sub-117226/ses-1/anat/sub-117226_ses-1_acq-axial_minIP.json (file)
delete(ok): sub-117226/ses-1/anat/sub-117226_ses-1_acq-axial_minIP.nii.gz (symlink)
delete(ok): sub-117226/ses-1/anat/sub-117226_ses-1_acq-coronal_minIP.json (file)
delete(ok): sub-117226/ses-1/anat/sub-117226_ses-1_acq-coronal_minIP.nii.gz (symlink)
delete(ok): sub-117226/ses-1/anat/sub-117226_ses-1_acq-sagittal_minIP.json (file)
delete(ok): sub-117226/ses-1/anat/sub-117226_ses-1_acq-sagittal_minIP.nii.gz (symlink)
delete(ok): sub-117226/ses-1/anat/sub-117226_ses-1_angio.json (file)
delete(ok): sub-117226/ses-1/anat/sub-117226_ses-1_angio.nii.gz (symlink)
delete(ok): sub-83999/ses-1/anat/sub-83999_ses-1_acq-axial_minIP.json (file)
delete(ok): sub-83999/ses-1/anat/sub-83999_ses-1_acq-axial_minIP.nii.gz (symlink)
delete(ok): sub-83999/ses-1/anat/sub-83999_ses-1_acq-coronal_minIP.json (file)
delete(ok): sub-83999/ses-1/anat/sub-83999_ses-1_acq-coronal_minIP.nii.gz (symlink)
delete(ok): sub-83999/ses-1/anat/sub-83999_ses-1_acq-sagittal_minIP.json (file)
delete(ok): sub-83999/ses-1/anat/sub-83999_ses-1_acq-sagittal_minIP.nii.gz (symlink)
delete(ok): sub-83999/ses-1/anat/sub-83999_ses-1_angio.json (file)
delete(ok): sub-83999/ses-1/anat/sub-83999_ses-1_angio.nii.gz (symlink)
delete(ok): sub-85173/ses-1/anat/sub-85173_ses-1_acq-axial_minIP.json (file)
delete(ok): sub-85173/ses-1/anat/sub-85173_ses-1_acq-axial_minIP.nii.gz (symlink)
delete(ok): sub-85173/ses-1/anat/sub-85173_ses-1_acq-coronal_minIP.json (file)
delete(ok): sub-85173/ses-1/anat/sub-85173_ses-1_acq-coronal_minIP.nii.gz (symlink)
delete(ok): sub-85173/ses-1/anat/sub-85173_ses-1_acq-sagittal_minIP.json (file)
delete(ok): sub-85173/ses-1/anat/sub-85173_ses-1_acq-sagittal_minIP.nii.gz (symlink)
delete(ok): sub-85173/ses-1/anat/sub-85173_ses-1_angio.json (file)
delete(ok): sub-85173/ses-1/anat/sub-85173_ses-1_angio.nii.gz (symlink)
delete(ok): sub-87538/ses-1/anat/sub-87538_ses-1_acq-axial_minIP.json (file)
delete(ok): sub-87538/ses-1/anat/sub-87538_ses-1_acq-axial_minIP.nii.gz (symlink)
delete(ok): sub-87538/ses-1/anat/sub-87538_ses-1_acq-coronal_minIP.json (file)
delete(ok): sub-87538/ses-1/anat/sub-87538_ses-1_acq-coronal_minIP.nii.gz (symlink)
delete(ok): sub-87538/ses-1/anat/sub-87538_ses-1_acq-sagittal_minIP.json (file)
delete(ok): sub-87538/ses-1/anat/sub-87538_ses-1_acq-sagittal_minIP.nii.gz (symlink)
delete(ok): sub-87538/ses-1/anat/sub-87538_ses-1_angio.json (file)
delete(ok): sub-87538/ses-1/anat/sub-87538_ses-1_angio.nii.gz (symlink)
save(ok): . (dataset)
CuBIDS detected 51 Parameter Groups.
Groupings info is available in

  * /cbica/projects/grmpy/code/curation/04_cubids_curation/v7/v7_files.tsv
  * /cbica/projects/grmpy/code/curation/04_cubids_curation/v7/v7_files.json
  * /cbica/projects/grmpy/code/curation/04_cubids_curation/v7/v7_summary.tsv
  * /cbica/projects/grmpy/code/curation/04_cubids_curation/v7/v7_summary.json


