Loading BIDS schema version: 0.11.3. BIDS version: 1.10.0
nothing to save, working tree clean
going to delete  (2, 'datatype-fmap_direction-PA_fmap-epi_suffix-epi_acquisition-multiband')
going to delete  (1, 'datatype-func_run-01_suffix-bold_task-face_acquisition-singleband')
going to delete  (1, 'datatype-func_run-01_suffix-bold_task-fracback_acquisition-singleband')
going to delete  (1, 'datatype-func_run-01_suffix-bold_task-fracback_acquisition-singlebandVARIANTNumVolumes89')
going to delete  (1, 'datatype-func_run-01_suffix-bold_task-rest_acquisition-multiband')
going to delete  (1, 'datatype-func_run-01_suffix-bold_task-rest_acquisition-multibandVARIANTNumVolumes141')
going to delete  (1, 'datatype-func_run-01_suffix-bold_task-rest_acquisition-multibandVARIANTNumVolumes34')
going to delete  (1, 'datatype-func_run-01_suffix-bold_task-rest_acquisition-multibandVARIANTNumVolumes504')
going to delete  (1, 'datatype-func_run-02_suffix-bold_task-fracback_acquisition-singlebandVARIANTNumVolumes40')
going to delete  (1, 'datatype-func_suffix-bold_task-fracback_acquisition-singlebandVARIANTNumVolumes115')
going to delete  (1, 'datatype-func_suffix-bold_task-fracback_acquisition-singlebandVARIANTNumVolumes167')
going to delete  (1, 'datatype-func_suffix-bold_task-fracback_acquisition-singlebandVARIANTNumVolumes207')
 modified: sub-114723/ses-1/fmap/sub-114723_ses-1_magnitude1.json (file)
 modified: sub-114723/ses-1/fmap/sub-114723_ses-1_magnitude2.json (file)
 modified: sub-114723/ses-1/fmap/sub-114723_ses-1_phasediff.json (file)
 modified: sub-117226/ses-1/fmap/sub-117226_ses-1_run-01_magnitude1.json (file)
 modified: sub-117226/ses-1/fmap/sub-117226_ses-1_run-01_magnitude2.json (file)
 modified: sub-117226/ses-1/fmap/sub-117226_ses-1_run-01_phasediff.json (file)
 modified: sub-117226/ses-1/fmap/sub-117226_ses-1_run-02_magnitude1.json (file)
 modified: sub-117226/ses-1/fmap/sub-117226_ses-1_run-02_magnitude2.json (file)
 modified: sub-117226/ses-1/fmap/sub-117226_ses-1_run-02_phasediff.json (file)
 modified: sub-121407/ses-1/fmap/sub-121407_ses-1_run-01_magnitude1.json (file)
 modified: sub-121407/ses-1/fmap/sub-121407_ses-1_run-01_magnitude2.json (file)
 modified: sub-121407/ses-1/fmap/sub-121407_ses-1_run-01_phasediff.json (file)
 modified: sub-121407/ses-1/fmap/sub-121407_ses-1_run-02_magnitude1.json (file)
 modified: sub-121407/ses-1/fmap/sub-121407_ses-1_run-02_magnitude2.json (file)
 modified: sub-121407/ses-1/fmap/sub-121407_ses-1_run-02_phasediff.json (file)
 modified: sub-130121/ses-1/fmap/sub-130121_ses-1_magnitude1.json (file)
 modified: sub-130121/ses-1/fmap/sub-130121_ses-1_magnitude2.json (file)
 modified: sub-130121/ses-1/fmap/sub-130121_ses-1_phasediff.json (file)
 modified: sub-130896/ses-1/fmap/sub-130896_ses-1_magnitude1.json (file)
 modified: sub-130896/ses-1/fmap/sub-130896_ses-1_magnitude2.json (file)
 modified: sub-130896/ses-1/fmap/sub-130896_ses-1_phasediff.json (file)
 modified: sub-83372/ses-1/fmap/sub-83372_ses-1_magnitude1.json (file)
 modified: sub-83372/ses-1/fmap/sub-83372_ses-1_magnitude2.json (file)
 modified: sub-83372/ses-1/fmap/sub-83372_ses-1_phasediff.json (file)
 modified: sub-85083/ses-1/fmap/sub-85083_ses-1_magnitude1.json (file)
 modified: sub-85083/ses-1/fmap/sub-85083_ses-1_magnitude2.json (file)
 modified: sub-85083/ses-1/fmap/sub-85083_ses-1_phasediff.json (file)
 modified: sub-86924/ses-1/fmap/sub-86924_ses-1_magnitude1.json (file)
 modified: sub-86924/ses-1/fmap/sub-86924_ses-1_magnitude2.json (file)
 modified: sub-86924/ses-1/fmap/sub-86924_ses-1_phasediff.json (file)
 modified: sub-87346/ses-1/fmap/sub-87346_ses-1_magnitude1.json (file)
 modified: sub-87346/ses-1/fmap/sub-87346_ses-1_magnitude2.json (file)
 modified: sub-87346/ses-1/fmap/sub-87346_ses-1_phasediff.json (file)
 modified: sub-90077/ses-1/fmap/sub-90077_ses-1_magnitude1.json (file)
 modified: sub-90077/ses-1/fmap/sub-90077_ses-1_magnitude2.json (file)
 modified: sub-90077/ses-1/fmap/sub-90077_ses-1_phasediff.json (file)
add(ok): sub-114723/ses-1/fmap/sub-114723_ses-1_magnitude1.json (file)
add(ok): sub-114723/ses-1/fmap/sub-114723_ses-1_magnitude2.json (file)
add(ok): sub-114723/ses-1/fmap/sub-114723_ses-1_phasediff.json (file)
add(ok): sub-117226/ses-1/fmap/sub-117226_ses-1_run-01_magnitude1.json (file)
add(ok): sub-117226/ses-1/fmap/sub-117226_ses-1_run-01_magnitude2.json (file)
add(ok): sub-117226/ses-1/fmap/sub-117226_ses-1_run-01_phasediff.json (file)
add(ok): sub-117226/ses-1/fmap/sub-117226_ses-1_run-02_magnitude1.json (file)
add(ok): sub-117226/ses-1/fmap/sub-117226_ses-1_run-02_magnitude2.json (file)
add(ok): sub-117226/ses-1/fmap/sub-117226_ses-1_run-02_phasediff.json (file)
add(ok): sub-121407/ses-1/fmap/sub-121407_ses-1_run-01_magnitude1.json (file)
add(ok): sub-121407/ses-1/fmap/sub-121407_ses-1_run-01_magnitude2.json (file)
add(ok): sub-121407/ses-1/fmap/sub-121407_ses-1_run-01_phasediff.json (file)
add(ok): sub-121407/ses-1/fmap/sub-121407_ses-1_run-02_magnitude1.json (file)
add(ok): sub-121407/ses-1/fmap/sub-121407_ses-1_run-02_magnitude2.json (file)
add(ok): sub-121407/ses-1/fmap/sub-121407_ses-1_run-02_phasediff.json (file)
add(ok): sub-130121/ses-1/fmap/sub-130121_ses-1_magnitude1.json (file)
add(ok): sub-130121/ses-1/fmap/sub-130121_ses-1_magnitude2.json (file)
add(ok): sub-130121/ses-1/fmap/sub-130121_ses-1_phasediff.json (file)
add(ok): sub-130896/ses-1/fmap/sub-130896_ses-1_magnitude1.json (file)
add(ok): sub-130896/ses-1/fmap/sub-130896_ses-1_magnitude2.json (file)
add(ok): sub-130896/ses-1/fmap/sub-130896_ses-1_phasediff.json (file)
add(ok): sub-83372/ses-1/fmap/sub-83372_ses-1_magnitude1.json (file)
add(ok): sub-83372/ses-1/fmap/sub-83372_ses-1_magnitude2.json (file)
add(ok): sub-83372/ses-1/fmap/sub-83372_ses-1_phasediff.json (file)
add(ok): sub-85083/ses-1/fmap/sub-85083_ses-1_magnitude1.json (file)
add(ok): sub-85083/ses-1/fmap/sub-85083_ses-1_magnitude2.json (file)
add(ok): sub-85083/ses-1/fmap/sub-85083_ses-1_phasediff.json (file)
add(ok): sub-86924/ses-1/fmap/sub-86924_ses-1_magnitude1.json (file)
add(ok): sub-86924/ses-1/fmap/sub-86924_ses-1_magnitude2.json (file)
add(ok): sub-86924/ses-1/fmap/sub-86924_ses-1_phasediff.json (file)
add(ok): sub-87346/ses-1/fmap/sub-87346_ses-1_magnitude1.json (file)
add(ok): sub-87346/ses-1/fmap/sub-87346_ses-1_magnitude2.json (file)
add(ok): sub-87346/ses-1/fmap/sub-87346_ses-1_phasediff.json (file)
add(ok): sub-90077/ses-1/fmap/sub-90077_ses-1_magnitude1.json (file)
add(ok): sub-90077/ses-1/fmap/sub-90077_ses-1_magnitude2.json (file)
add(ok): sub-90077/ses-1/fmap/sub-90077_ses-1_phasediff.json (file)
save(ok): . (dataset)
action summary:
  add (ok: 36)
  save (ok: 1)
run(ok): /cbica/projects/grmpy/data/bids_datalad (dataset) [bash /cbica/projects/grmpy/data/_full_cm...]
delete(ok): sub-114723/ses-1/func/sub-114723_ses-1_task-fracback_acq-singlebandVARIANTNumVolumes115_bold.json (file)
delete(ok): sub-114723/ses-1/func/sub-114723_ses-1_task-fracback_acq-singlebandVARIANTNumVolumes115_bold.nii.gz (symlink)
delete(ok): sub-117226/ses-1/func/sub-117226_ses-1_task-rest_acq-multibandVARIANTNumVolumes504_run-01_bold.json (file)
delete(ok): sub-117226/ses-1/func/sub-117226_ses-1_task-rest_acq-multibandVARIANTNumVolumes504_run-01_bold.nii.gz (symlink)
delete(ok): sub-121407/ses-1/func/sub-121407_ses-1_task-rest_acq-multibandVARIANTNumVolumes34_run-01_bold.json (file)
delete(ok): sub-121407/ses-1/func/sub-121407_ses-1_task-rest_acq-multibandVARIANTNumVolumes34_run-01_bold.nii.gz (symlink)
delete(ok): sub-130121/ses-1/func/sub-130121_ses-1_task-fracback_acq-singlebandVARIANTNumVolumes40_run-02_bold.json (file)
delete(ok): sub-130121/ses-1/func/sub-130121_ses-1_task-fracback_acq-singlebandVARIANTNumVolumes40_run-02_bold.nii.gz (symlink)
delete(ok): sub-130121/ses-1/func/sub-130121_ses-1_task-fracback_acq-singlebandVARIANTNumVolumes89_run-01_bold.json (file)
delete(ok): sub-130121/ses-1/func/sub-130121_ses-1_task-fracback_acq-singlebandVARIANTNumVolumes89_run-01_bold.nii.gz (symlink)
delete(ok): sub-130896/ses-1/func/sub-130896_ses-1_task-face_acq-singleband_run-01_bold.json (file)
delete(ok): sub-130896/ses-1/func/sub-130896_ses-1_task-face_acq-singleband_run-01_bold.nii.gz (symlink)
delete(ok): sub-83372/ses-1/func/sub-83372_ses-1_task-fracback_acq-singlebandVARIANTNumVolumes207_bold.json (file)
delete(ok): sub-83372/ses-1/func/sub-83372_ses-1_task-fracback_acq-singlebandVARIANTNumVolumes207_bold.nii.gz (symlink)
delete(ok): sub-85083/ses-1/func/sub-85083_ses-1_task-rest_acq-multiband_run-01_bold.json (file)
delete(ok): sub-85083/ses-1/func/sub-85083_ses-1_task-rest_acq-multiband_run-01_bold.nii.gz (symlink)
delete(ok): sub-86924/ses-1/func/sub-86924_ses-1_task-rest_acq-multibandVARIANTNumVolumes141_run-01_bold.json (file)
delete(ok): sub-86924/ses-1/func/sub-86924_ses-1_task-rest_acq-multibandVARIANTNumVolumes141_run-01_bold.nii.gz (symlink)
delete(ok): sub-87346/ses-1/func/sub-87346_ses-1_task-fracback_acq-singlebandVARIANTNumVolumes167_bold.json (file)
delete(ok): sub-87346/ses-1/func/sub-87346_ses-1_task-fracback_acq-singlebandVARIANTNumVolumes167_bold.nii.gz (symlink)
delete(ok): sub-90077/ses-1/func/sub-90077_ses-1_task-fracback_acq-singleband_run-01_bold.json (file)
delete(ok): sub-90077/ses-1/func/sub-90077_ses-1_task-fracback_acq-singleband_run-01_bold.nii.gz (symlink)
delete(ok): sub-93856/ses-1/fmap/sub-93856_ses-1_acq-multiband_dir-PA_epi.bval (file)
delete(ok): sub-93856/ses-1/fmap/sub-93856_ses-1_acq-multiband_dir-PA_epi.bvec (file)
delete(ok): sub-93856/ses-1/fmap/sub-93856_ses-1_acq-multiband_dir-PA_epi.json (file)
delete(ok): sub-93856/ses-1/fmap/sub-93856_ses-1_acq-multiband_dir-PA_epi.nii.gz (symlink)
save(ok): . (dataset)
Not running any commands
Error parsing sidecar:  /cbica/projects/grmpy/data/bids_datalad/sub-117226/ses-1/fmap/sub-117226_ses-1_phasediff.json
Error parsing sidecar:  /cbica/projects/grmpy/data/bids_datalad/sub-121407/ses-1/fmap/sub-121407_ses-1_phasediff.json
Error parsing sidecar:  /cbica/projects/grmpy/data/bids_datalad/sub-20940/ses-1/anat/sub-20940_ses-1_T1w.json
Error parsing sidecar:  /cbica/projects/grmpy/data/bids_datalad/sub-20981/ses-1/anat/sub-20981_ses-1_T1w.json
Error parsing sidecar:  /cbica/projects/grmpy/data/bids_datalad/sub-98394/ses-1/anat/sub-98394_ses-1_T1w.json
Error parsing sidecar:  /cbica/projects/grmpy/data/bids_datalad/sub-109735/ses-1/anat/sub-109735_ses-1_T1w.json
Error parsing sidecar:  /cbica/projects/grmpy/data/bids_datalad/sub-112061/ses-1/anat/sub-112061_ses-1_T1w.json
Error parsing sidecar:  /cbica/projects/grmpy/data/bids_datalad/sub-117226/ses-1/anat/sub-117226_ses-1_T1w.json
Error parsing sidecar:  /cbica/projects/grmpy/data/bids_datalad/sub-121407/ses-1/anat/sub-121407_ses-1_T1w.json
Error parsing sidecar:  /cbica/projects/grmpy/data/bids_datalad/sub-129405/ses-1/anat/sub-129405_ses-1_T1w.json
Error parsing sidecar:  /cbica/projects/grmpy/data/bids_datalad/sub-95015/ses-1/anat/sub-95015_ses-1_T2w.json
Error parsing sidecar:  /cbica/projects/grmpy/data/bids_datalad/sub-83999/ses-1/anat/sub-83999_ses-1_angio.json
Error parsing sidecar:  /cbica/projects/grmpy/data/bids_datalad/sub-85173/ses-1/anat/sub-85173_ses-1_angio.json
Error parsing sidecar:  /cbica/projects/grmpy/data/bids_datalad/sub-87538/ses-1/anat/sub-87538_ses-1_angio.json
Error parsing sidecar:  /cbica/projects/grmpy/data/bids_datalad/sub-117226/ses-1/anat/sub-117226_ses-1_angio.json
Error parsing sidecar:  /cbica/projects/grmpy/data/bids_datalad/sub-121407/ses-1/anat/sub-121407_ses-1_acq-VARIANTParallelReductionFactorInPlane2p0Dim3Size74_angio.json
Error parsing sidecar:  /cbica/projects/grmpy/data/bids_datalad/sub-118393/ses-1/anat/sub-118393_ses-1_acq-VARIANTRepetitionTimeC1_angio.json
Error parsing sidecar:  /cbica/projects/grmpy/data/bids_datalad/sub-83999/ses-1/anat/sub-83999_ses-1_acq-axial_minIP.json
Error parsing sidecar:  /cbica/projects/grmpy/data/bids_datalad/sub-85173/ses-1/anat/sub-85173_ses-1_acq-axial_minIP.json
Error parsing sidecar:  /cbica/projects/grmpy/data/bids_datalad/sub-87538/ses-1/anat/sub-87538_ses-1_acq-axial_minIP.json
Error parsing sidecar:  /cbica/projects/grmpy/data/bids_datalad/sub-117226/ses-1/anat/sub-117226_ses-1_acq-axial_minIP.json
Error parsing sidecar:  /cbica/projects/grmpy/data/bids_datalad/sub-121407/ses-1/anat/sub-121407_ses-1_acq-axialVARIANTParallelReductionFactorInPlane2p0VoxelSizeDim3C1_minIP.json
Error parsing sidecar:  /cbica/projects/grmpy/data/bids_datalad/sub-118393/ses-1/anat/sub-118393_ses-1_acq-axialVARIANTRepetitionTimeC1_minIP.json
Error parsing sidecar:  /cbica/projects/grmpy/data/bids_datalad/sub-83999/ses-1/anat/sub-83999_ses-1_acq-coronal_minIP.json
Error parsing sidecar:  /cbica/projects/grmpy/data/bids_datalad/sub-85173/ses-1/anat/sub-85173_ses-1_acq-coronal_minIP.json
Error parsing sidecar:  /cbica/projects/grmpy/data/bids_datalad/sub-87538/ses-1/anat/sub-87538_ses-1_acq-coronal_minIP.json
Error parsing sidecar:  /cbica/projects/grmpy/data/bids_datalad/sub-117226/ses-1/anat/sub-117226_ses-1_acq-coronal_minIP.json
Error parsing sidecar:  /cbica/projects/grmpy/data/bids_datalad/sub-121407/ses-1/anat/sub-121407_ses-1_acq-coronalVARIANTParallelReductionFactorInPlane2p0Dim2Size142VoxelSizeDim3C1_minIP.json
Error parsing sidecar:  /cbica/projects/grmpy/data/bids_datalad/sub-118393/ses-1/anat/sub-118393_ses-1_acq-coronalVARIANTRepetitionTimeC1_minIP.json
Error parsing sidecar:  /cbica/projects/grmpy/data/bids_datalad/sub-83999/ses-1/anat/sub-83999_ses-1_acq-sagittal_minIP.json
Error parsing sidecar:  /cbica/projects/grmpy/data/bids_datalad/sub-85173/ses-1/anat/sub-85173_ses-1_acq-sagittal_minIP.json
Error parsing sidecar:  /cbica/projects/grmpy/data/bids_datalad/sub-87538/ses-1/anat/sub-87538_ses-1_acq-sagittal_minIP.json
Error parsing sidecar:  /cbica/projects/grmpy/data/bids_datalad/sub-117226/ses-1/anat/sub-117226_ses-1_acq-sagittal_minIP.json
Error parsing sidecar:  /cbica/projects/grmpy/data/bids_datalad/sub-121407/ses-1/anat/sub-121407_ses-1_acq-sagittalVARIANTParallelReductionFactorInPlane2p0Dim2Size142VoxelSizeDim3C1_minIP.json
Error parsing sidecar:  /cbica/projects/grmpy/data/bids_datalad/sub-118393/ses-1/anat/sub-118393_ses-1_acq-sagittalVARIANTRepetitionTimeC1_minIP.json
Error parsing sidecar:  /cbica/projects/grmpy/data/bids_datalad/sub-117226/ses-1/fmap/sub-117226_ses-1_magnitude1.json
Error parsing sidecar:  /cbica/projects/grmpy/data/bids_datalad/sub-121407/ses-1/fmap/sub-121407_ses-1_magnitude1.json
Error parsing sidecar:  /cbica/projects/grmpy/data/bids_datalad/sub-117226/ses-1/fmap/sub-117226_ses-1_magnitude2.json
Error parsing sidecar:  /cbica/projects/grmpy/data/bids_datalad/sub-121407/ses-1/fmap/sub-121407_ses-1_magnitude2.json
Error parsing sidecar:  /cbica/projects/grmpy/data/bids_datalad/sub-117226/ses-1/fmap/sub-117226_ses-1_phasediff.json
Error parsing sidecar:  /cbica/projects/grmpy/data/bids_datalad/sub-121407/ses-1/fmap/sub-121407_ses-1_phasediff.json
CuBIDS detected 64 Parameter Groups.
Groupings info is available in

  * /cbica/projects/grmpy/code/curation/04_cubids_curation/v5/v5_files.tsv
  * /cbica/projects/grmpy/code/curation/04_cubids_curation/v5/v5_files.json
  * /cbica/projects/grmpy/code/curation/04_cubids_curation/v5/v5_summary.tsv
  * /cbica/projects/grmpy/code/curation/04_cubids_curation/v5/v5_summary.json


